{"total": {"lines":{"total":824,"covered":352,"skipped":0,"pct":42.71},"statements":{"total":889,"covered":377,"skipped":0,"pct":42.4},"functions":{"total":200,"covered":43,"skipped":0,"pct":21.5},"branches":{"total":404,"covered":194,"skipped":0,"pct":48.01},"branchesTrue":{"total":0,"covered":0,"skipped":0,"pct":100}}
,"E:\\Users\\maksym\\source\\repos\\MaksIT\\maksit-webui\\src\\packages\\contracts\\src\\PagedRequest.ts": {"lines":{"total":3,"covered":3,"skipped":0,"pct":100},"functions":{"total":0,"covered":0,"skipped":0,"pct":100},"statements":{"total":3,"covered":3,"skipped":0,"pct":100},"branches":{"total":0,"covered":0,"skipped":0,"pct":100}}
,"E:\\Users\\maksym\\source\\repos\\MaksIT\\maksit-webui\\src\\packages\\contracts\\src\\PatchOperation.ts": {"lines":{"total":6,"covered":6,"skipped":0,"pct":100},"functions":{"total":1,"covered":1,"skipped":0,"pct":100},"statements":{"total":6,"covered":6,"skipped":0,"pct":100},"branches":{"total":2,"covered":2,"skipped":0,"pct":100}}
,"E:\\Users\\maksym\\source\\repos\\MaksIT\\maksit-webui\\src\\packages\\contracts\\src\\PatchRequestModelBase.ts": {"lines":{"total":4,"covered":4,"skipped":0,"pct":100},"functions":{"total":0,"covered":0,"skipped":0,"pct":100},"statements":{"total":4,"covered":4,"skipped":0,"pct":100},"branches":{"total":0,"covered":0,"skipped":0,"pct":100}}
,"E:\\Users\\maksym\\source\\repos\\MaksIT\\maksit-webui\\src\\packages\\contracts\\src\\RequestModelBase.ts": {"lines":{"total":2,"covered":2,"skipped":0,"pct":100},"functions":{"total":0,"covered":0,"skipped":0,"pct":100},"statements":{"total":2,"covered":2,"skipped":0,"pct":100},"branches":{"total":0,"covered":0,"skipped":0,"pct":100}}
,"E:\\Users\\maksym\\source\\repos\\MaksIT\\maksit-webui\\src\\packages\\contracts\\src\\index.ts": {"lines":{"total":10,"covered":10,"skipped":0,"pct":100},"functions":{"total":9,"covered":2,"skipped":0,"pct":22.22},"statements":{"total":17,"covered":17,"skipped":0,"pct":100},"branches":{"total":0,"covered":0,"skipped":0,"pct":100}}
,"E:\\Users\\maksym\\source\\repos\\MaksIT\\maksit-webui\\src\\packages\\contracts\\src\\identity\\Claims.ts": {"lines":{"total":56,"covered":56,"skipped":0,"pct":100},"functions":{"total":1,"covered":1,"skipped":0,"pct":100},"statements":{"total":56,"covered":56,"skipped":0,"pct":100},"branches":{"total":2,"covered":2,"skipped":0,"pct":100}}
,"E:\\Users\\maksym\\source\\repos\\MaksIT\\maksit-webui\\src\\packages\\contracts\\src\\identity\\login\\LoginRequest.ts": {"lines":{"total":9,"covered":9,"skipped":0,"pct":100},"functions":{"total":1,"covered":1,"skipped":0,"pct":100},"statements":{"total":9,"covered":9,"skipped":0,"pct":100},"branches":{"total":8,"covered":8,"skipped":0,"pct":100}}
,"E:\\Users\\maksym\\source\\repos\\MaksIT\\maksit-webui\\src\\packages\\contracts\\src\\identity\\login\\RefreshTokenRequest.ts": {"lines":{"total":2,"covered":2,"skipped":0,"pct":100},"functions":{"total":0,"covered":0,"skipped":0,"pct":100},"statements":{"total":2,"covered":2,"skipped":0,"pct":100},"branches":{"total":0,"covered":0,"skipped":0,"pct":100}}
,"E:\\Users\\maksym\\source\\repos\\MaksIT\\maksit-webui\\src\\packages\\contracts\\src\\identity\\logout\\LogoutRequest.ts": {"lines":{"total":2,"covered":2,"skipped":0,"pct":100},"functions":{"total":0,"covered":0,"skipped":0,"pct":100},"statements":{"total":2,"covered":2,"skipped":0,"pct":100},"branches":{"total":0,"covered":0,"skipped":0,"pct":100}}
,"E:\\Users\\maksym\\source\\repos\\MaksIT\\maksit-webui\\src\\packages\\core\\src\\index.ts": {"lines":{"total":5,"covered":0,"skipped":0,"pct":0},"functions":{"total":4,"covered":0,"skipped":0,"pct":0},"statements":{"total":9,"covered":0,"skipped":0,"pct":0},"branches":{"total":0,"covered":0,"skipped":0,"pct":100}}
,"E:\\Users\\maksym\\source\\repos\\MaksIT\\maksit-webui\\src\\packages\\core\\src\\functions\\index.ts": {"lines":{"total":41,"covered":0,"skipped":0,"pct":0},"functions":{"total":32,"covered":0,"skipped":0,"pct":0},"statements":{"total":41,"covered":0,"skipped":0,"pct":0},"branches":{"total":0,"covered":0,"skipped":0,"pct":100}}
,"E:\\Users\\maksym\\source\\repos\\MaksIT\\maksit-webui\\src\\packages\\core\\src\\functions\\acl\\index.ts": {"lines":{"total":1,"covered":0,"skipped":0,"pct":0},"functions":{"total":2,"covered":0,"skipped":0,"pct":0},"statements":{"total":3,"covered":0,"skipped":0,"pct":0},"branches":{"total":0,"covered":0,"skipped":0,"pct":100}}
,"E:\\Users\\maksym\\source\\repos\\MaksIT\\maksit-webui\\src\\packages\\core\\src\\functions\\acl\\parseAclEntry.ts": {"lines":{"total":17,"covered":17,"skipped":0,"pct":100},"functions":{"total":4,"covered":4,"skipped":0,"pct":100},"statements":{"total":18,"covered":18,"skipped":0,"pct":100},"branches":{"total":6,"covered":6,"skipped":0,"pct":100}}
,"E:\\Users\\maksym\\source\\repos\\MaksIT\\maksit-webui\\src\\packages\\core\\src\\functions\\dataTable\\dataTableFilters.ts": {"lines":{"total":5,"covered":5,"skipped":0,"pct":100},"functions":{"total":1,"covered":1,"skipped":0,"pct":100},"statements":{"total":6,"covered":6,"skipped":0,"pct":100},"branches":{"total":2,"covered":2,"skipped":0,"pct":100}}
,"E:\\Users\\maksym\\source\\repos\\MaksIT\\maksit-webui\\src\\packages\\core\\src\\functions\\dataTable\\dataTablePaged.ts": {"lines":{"total":4,"covered":4,"skipped":0,"pct":100},"functions":{"total":1,"covered":1,"skipped":0,"pct":100},"statements":{"total":4,"covered":4,"skipped":0,"pct":100},"branches":{"total":16,"covered":16,"skipped":0,"pct":100}}
,"E:\\Users\\maksym\\source\\repos\\MaksIT\\maksit-webui\\src\\packages\\core\\src\\functions\\dataTable\\index.ts": {"lines":{"total":4,"covered":0,"skipped":0,"pct":0},"functions":{"total":2,"covered":0,"skipped":0,"pct":0},"statements":{"total":4,"covered":0,"skipped":0,"pct":0},"branches":{"total":0,"covered":0,"skipped":0,"pct":100}}
,"E:\\Users\\maksym\\source\\repos\\MaksIT\\maksit-webui\\src\\packages\\core\\src\\functions\\date\\dateTimeToUtcIsoSchema.ts": {"lines":{"total":8,"covered":0,"skipped":0,"pct":0},"functions":{"total":2,"covered":0,"skipped":0,"pct":0},"statements":{"total":8,"covered":0,"skipped":0,"pct":0},"branches":{"total":0,"covered":0,"skipped":0,"pct":100}}
,"E:\\Users\\maksym\\source\\repos\\MaksIT\\maksit-webui\\src\\packages\\core\\src\\functions\\date\\formatISODateString.ts": {"lines":{"total":10,"covered":0,"skipped":0,"pct":0},"functions":{"total":1,"covered":0,"skipped":0,"pct":0},"statements":{"total":10,"covered":0,"skipped":0,"pct":0},"branches":{"total":4,"covered":0,"skipped":0,"pct":0}}
,"E:\\Users\\maksym\\source\\repos\\MaksIT\\maksit-webui\\src\\packages\\core\\src\\functions\\date\\index.ts": {"lines":{"total":5,"covered":0,"skipped":0,"pct":0},"functions":{"total":3,"covered":0,"skipped":0,"pct":0},"statements":{"total":6,"covered":0,"skipped":0,"pct":0},"branches":{"total":0,"covered":0,"skipped":0,"pct":100}}
,"E:\\Users\\maksym\\source\\repos\\MaksIT\\maksit-webui\\src\\packages\\core\\src\\functions\\date\\isValidDateString.ts": {"lines":{"total":6,"covered":6,"skipped":0,"pct":100},"functions":{"total":1,"covered":1,"skipped":0,"pct":100},"statements":{"total":7,"covered":7,"skipped":0,"pct":100},"branches":{"total":2,"covered":2,"skipped":0,"pct":100}}
,"E:\\Users\\maksym\\source\\repos\\MaksIT\\maksit-webui\\src\\packages\\core\\src\\functions\\deep\\deepCopy.ts": {"lines":{"total":17,"covered":16,"skipped":0,"pct":94.11},"functions":{"total":1,"covered":1,"skipped":0,"pct":100},"statements":{"total":17,"covered":16,"skipped":0,"pct":94.11},"branches":{"total":12,"covered":11,"skipped":0,"pct":91.66}}
,"E:\\Users\\maksym\\source\\repos\\MaksIT\\maksit-webui\\src\\packages\\core\\src\\functions\\deep\\deepDelta.ts": {"lines":{"total":183,"covered":119,"skipped":0,"pct":65.02},"functions":{"total":18,"covered":14,"skipped":0,"pct":77.77},"statements":{"total":199,"covered":130,"skipped":0,"pct":65.32},"branches":{"total":137,"covered":92,"skipped":0,"pct":67.15}}
,"E:\\Users\\maksym\\source\\repos\\MaksIT\\maksit-webui\\src\\packages\\core\\src\\functions\\deep\\deepEqual.ts": {"lines":{"total":36,"covered":35,"skipped":0,"pct":97.22},"functions":{"total":3,"covered":3,"skipped":0,"pct":100},"statements":{"total":38,"covered":37,"skipped":0,"pct":97.36},"branches":{"total":26,"covered":25,"skipped":0,"pct":96.15}}
,"E:\\Users\\maksym\\source\\repos\\MaksIT\\maksit-webui\\src\\packages\\core\\src\\functions\\deep\\deepMerge.ts": {"lines":{"total":21,"covered":0,"skipped":0,"pct":0},"functions":{"total":1,"covered":0,"skipped":0,"pct":0},"statements":{"total":24,"covered":0,"skipped":0,"pct":0},"branches":{"total":17,"covered":0,"skipped":0,"pct":0}}
,"E:\\Users\\maksym\\source\\repos\\MaksIT\\maksit-webui\\src\\packages\\core\\src\\functions\\deep\\deepPatternMatch.ts": {"lines":{"total":10,"covered":0,"skipped":0,"pct":0},"functions":{"total":1,"covered":0,"skipped":0,"pct":0},"statements":{"total":14,"covered":0,"skipped":0,"pct":0},"branches":{"total":10,"covered":0,"skipped":0,"pct":0}}
,"E:\\Users\\maksym\\source\\repos\\MaksIT\\maksit-webui\\src\\packages\\core\\src\\functions\\deep\\index.ts": {"lines":{"total":15,"covered":0,"skipped":0,"pct":0},"functions":{"total":9,"covered":0,"skipped":0,"pct":0},"statements":{"total":15,"covered":0,"skipped":0,"pct":0},"branches":{"total":0,"covered":0,"skipped":0,"pct":100}}
,"E:\\Users\\maksym\\source\\repos\\MaksIT\\maksit-webui\\src\\packages\\core\\src\\functions\\deep\\patchCollectionPolicies.ts": {"lines":{"total":16,"covered":0,"skipped":0,"pct":0},"functions":{"total":5,"covered":0,"skipped":0,"pct":0},"statements":{"total":16,"covered":0,"skipped":0,"pct":0},"branches":{"total":16,"covered":0,"skipped":0,"pct":0}}
,"E:\\Users\\maksym\\source\\repos\\MaksIT\\maksit-webui\\src\\packages\\core\\src\\functions\\enum\\enumToArr.ts": {"lines":{"total":16,"covered":0,"skipped":0,"pct":0},"functions":{"total":3,"covered":0,"skipped":0,"pct":0},"statements":{"total":19,"covered":0,"skipped":0,"pct":0},"branches":{"total":10,"covered":0,"skipped":0,"pct":0}}
,"E:\\Users\\maksym\\source\\repos\\MaksIT\\maksit-webui\\src\\packages\\core\\src\\functions\\enum\\enumToObj.ts": {"lines":{"total":9,"covered":0,"skipped":0,"pct":0},"functions":{"total":2,"covered":0,"skipped":0,"pct":0},"statements":{"total":11,"covered":0,"skipped":0,"pct":0},"branches":{"total":4,"covered":0,"skipped":0,"pct":0}}
,"E:\\Users\\maksym\\source\\repos\\MaksIT\\maksit-webui\\src\\packages\\core\\src\\functions\\enum\\enumToString.ts": {"lines":{"total":11,"covered":0,"skipped":0,"pct":0},"functions":{"total":3,"covered":0,"skipped":0,"pct":0},"statements":{"total":12,"covered":0,"skipped":0,"pct":0},"branches":{"total":6,"covered":0,"skipped":0,"pct":0}}
,"E:\\Users\\maksym\\source\\repos\\MaksIT\\maksit-webui\\src\\packages\\core\\src\\functions\\enum\\flagsToString.ts": {"lines":{"total":6,"covered":0,"skipped":0,"pct":0},"functions":{"total":3,"covered":0,"skipped":0,"pct":0},"statements":{"total":6,"covered":0,"skipped":0,"pct":0},"branches":{"total":4,"covered":0,"skipped":0,"pct":0}}
,"E:\\Users\\maksym\\source\\repos\\MaksIT\\maksit-webui\\src\\packages\\core\\src\\functions\\enum\\hasAnyFlag.ts": {"lines":{"total":3,"covered":3,"skipped":0,"pct":100},"functions":{"total":1,"covered":1,"skipped":0,"pct":100},"statements":{"total":3,"covered":3,"skipped":0,"pct":100},"branches":{"total":1,"covered":0,"skipped":0,"pct":0}}
,"E:\\Users\\maksym\\source\\repos\\MaksIT\\maksit-webui\\src\\packages\\core\\src\\functions\\enum\\hasFlag.ts": {"lines":{"total":3,"covered":3,"skipped":0,"pct":100},"functions":{"total":1,"covered":1,"skipped":0,"pct":100},"statements":{"total":3,"covered":3,"skipped":0,"pct":100},"branches":{"total":1,"covered":0,"skipped":0,"pct":0}}
,"E:\\Users\\maksym\\source\\repos\\MaksIT\\maksit-webui\\src\\packages\\core\\src\\functions\\enum\\index.ts": {"lines":{"total":14,"covered":0,"skipped":0,"pct":0},"functions":{"total":7,"covered":0,"skipped":0,"pct":0},"statements":{"total":14,"covered":0,"skipped":0,"pct":0},"branches":{"total":0,"covered":0,"skipped":0,"pct":100}}
,"E:\\Users\\maksym\\source\\repos\\MaksIT\\maksit-webui\\src\\packages\\core\\src\\functions\\enum\\toggleFlag.ts": {"lines":{"total":3,"covered":3,"skipped":0,"pct":100},"functions":{"total":1,"covered":1,"skipped":0,"pct":100},"statements":{"total":3,"covered":3,"skipped":0,"pct":100},"branches":{"total":3,"covered":2,"skipped":0,"pct":66.66}}
,"E:\\Users\\maksym\\source\\repos\\MaksIT\\maksit-webui\\src\\packages\\core\\src\\functions\\file\\index.ts": {"lines":{"total":2,"covered":0,"skipped":0,"pct":0},"functions":{"total":1,"covered":0,"skipped":0,"pct":0},"statements":{"total":2,"covered":0,"skipped":0,"pct":0},"branches":{"total":0,"covered":0,"skipped":0,"pct":100}}
,"E:\\Users\\maksym\\source\\repos\\MaksIT\\maksit-webui\\src\\packages\\core\\src\\functions\\file\\saveBinaryToDisk.ts": {"lines":{"total":11,"covered":0,"skipped":0,"pct":0},"functions":{"total":2,"covered":0,"skipped":0,"pct":0},"statements":{"total":12,"covered":0,"skipped":0,"pct":0},"branches":{"total":2,"covered":0,"skipped":0,"pct":0}}
,"E:\\Users\\maksym\\source\\repos\\MaksIT\\maksit-webui\\src\\packages\\core\\src\\functions\\guid\\index.ts": {"lines":{"total":2,"covered":0,"skipped":0,"pct":0},"functions":{"total":1,"covered":0,"skipped":0,"pct":0},"statements":{"total":2,"covered":0,"skipped":0,"pct":0},"branches":{"total":0,"covered":0,"skipped":0,"pct":100}}
,"E:\\Users\\maksym\\source\\repos\\MaksIT\\maksit-webui\\src\\packages\\core\\src\\functions\\guid\\isGuid.ts": {"lines":{"total":4,"covered":4,"skipped":0,"pct":100},"functions":{"total":1,"covered":1,"skipped":0,"pct":100},"statements":{"total":4,"covered":4,"skipped":0,"pct":100},"branches":{"total":0,"covered":0,"skipped":0,"pct":100}}
,"E:\\Users\\maksym\\source\\repos\\MaksIT\\maksit-webui\\src\\packages\\core\\src\\functions\\headers\\extractFilenameFromHeaders.ts": {"lines":{"total":17,"covered":15,"skipped":0,"pct":88.23},"functions":{"total":1,"covered":1,"skipped":0,"pct":100},"statements":{"total":17,"covered":15,"skipped":0,"pct":88.23},"branches":{"total":15,"covered":14,"skipped":0,"pct":93.33}}
,"E:\\Users\\maksym\\source\\repos\\MaksIT\\maksit-webui\\src\\packages\\core\\src\\functions\\headers\\index.ts": {"lines":{"total":2,"covered":0,"skipped":0,"pct":0},"functions":{"total":1,"covered":0,"skipped":0,"pct":0},"statements":{"total":2,"covered":0,"skipped":0,"pct":0},"branches":{"total":0,"covered":0,"skipped":0,"pct":100}}
,"E:\\Users\\maksym\\source\\repos\\MaksIT\\maksit-webui\\src\\packages\\core\\src\\functions\\zod\\applyFormBulkChange.ts": {"lines":{"total":3,"covered":0,"skipped":0,"pct":0},"functions":{"total":1,"covered":0,"skipped":0,"pct":0},"statements":{"total":3,"covered":0,"skipped":0,"pct":0},"branches":{"total":0,"covered":0,"skipped":0,"pct":100}}
,"E:\\Users\\maksym\\source\\repos\\MaksIT\\maksit-webui\\src\\packages\\core\\src\\functions\\zod\\applyFormFieldChange.ts": {"lines":{"total":9,"covered":0,"skipped":0,"pct":0},"functions":{"total":2,"covered":0,"skipped":0,"pct":0},"statements":{"total":10,"covered":0,"skipped":0,"pct":0},"branches":{"total":0,"covered":0,"skipped":0,"pct":100}}
,"E:\\Users\\maksym\\source\\repos\\MaksIT\\maksit-webui\\src\\packages\\core\\src\\functions\\zod\\createFormBulkUpdater.ts": {"lines":{"total":4,"covered":0,"skipped":0,"pct":0},"functions":{"total":2,"covered":0,"skipped":0,"pct":0},"statements":{"total":5,"covered":0,"skipped":0,"pct":0},"branches":{"total":0,"covered":0,"skipped":0,"pct":100}}
,"E:\\Users\\maksym\\source\\repos\\MaksIT\\maksit-webui\\src\\packages\\core\\src\\functions\\zod\\createFormFieldUpdater.ts": {"lines":{"total":4,"covered":0,"skipped":0,"pct":0},"functions":{"total":2,"covered":0,"skipped":0,"pct":0},"statements":{"total":5,"covered":0,"skipped":0,"pct":0},"branches":{"total":0,"covered":0,"skipped":0,"pct":100}}
,"E:\\Users\\maksym\\source\\repos\\MaksIT\\maksit-webui\\src\\packages\\core\\src\\functions\\zod\\emptyFormErrors.ts": {"lines":{"total":3,"covered":3,"skipped":0,"pct":100},"functions":{"total":2,"covered":2,"skipped":0,"pct":100},"statements":{"total":4,"covered":4,"skipped":0,"pct":100},"branches":{"total":0,"covered":0,"skipped":0,"pct":100}}
,"E:\\Users\\maksym\\source\\repos\\MaksIT\\maksit-webui\\src\\packages\\core\\src\\functions\\zod\\flattenFormValidationIssues.ts": {"lines":{"total":7,"covered":7,"skipped":0,"pct":100},"functions":{"total":1,"covered":1,"skipped":0,"pct":100},"statements":{"total":7,"covered":7,"skipped":0,"pct":100},"branches":{"total":0,"covered":0,"skipped":0,"pct":100}}
,"E:\\Users\\maksym\\source\\repos\\MaksIT\\maksit-webui\\src\\packages\\core\\src\\functions\\zod\\index.ts": {"lines":{"total":12,"covered":0,"skipped":0,"pct":0},"functions":{"total":6,"covered":0,"skipped":0,"pct":0},"statements":{"total":12,"covered":0,"skipped":0,"pct":0},"branches":{"total":0,"covered":0,"skipped":0,"pct":100}}
,"E:\\Users\\maksym\\source\\repos\\MaksIT\\maksit-webui\\src\\packages\\core\\src\\functions\\zod\\validateFormState.ts": {"lines":{"total":7,"covered":7,"skipped":0,"pct":100},"functions":{"total":1,"covered":1,"skipped":0,"pct":100},"statements":{"total":7,"covered":7,"skipped":0,"pct":100},"branches":{"total":2,"covered":2,"skipped":0,"pct":100}}
,"E:\\Users\\maksym\\source\\repos\\MaksIT\\maksit-webui\\src\\packages\\core\\src\\http\\authInterceptors.ts": {"lines":{"total":60,"covered":0,"skipped":0,"pct":0},"functions":{"total":9,"covered":0,"skipped":0,"pct":0},"statements":{"total":60,"covered":0,"skipped":0,"pct":0},"branches":{"total":38,"covered":0,"skipped":0,"pct":0}}
,"E:\\Users\\maksym\\source\\repos\\MaksIT\\maksit-webui\\src\\packages\\core\\src\\http\\config.ts": {"lines":{"total":18,"covered":0,"skipped":0,"pct":0},"functions":{"total":4,"covered":0,"skipped":0,"pct":0},"statements":{"total":18,"covered":0,"skipped":0,"pct":0},"branches":{"total":13,"covered":0,"skipped":0,"pct":0}}
,"E:\\Users\\maksym\\source\\repos\\MaksIT\\maksit-webui\\src\\packages\\core\\src\\http\\createWebUiHttpClient.ts": {"lines":{"total":49,"covered":0,"skipped":0,"pct":0},"functions":{"total":22,"covered":0,"skipped":0,"pct":0},"statements":{"total":50,"covered":0,"skipped":0,"pct":0},"branches":{"total":15,"covered":0,"skipped":0,"pct":0}}
,"E:\\Users\\maksym\\source\\repos\\MaksIT\\maksit-webui\\src\\packages\\core\\src\\http\\errorHandler.ts": {"lines":{"total":12,"covered":0,"skipped":0,"pct":0},"functions":{"total":1,"covered":0,"skipped":0,"pct":0},"statements":{"total":12,"covered":0,"skipped":0,"pct":0},"branches":{"total":13,"covered":0,"skipped":0,"pct":0}}
,"E:\\Users\\maksym\\source\\repos\\MaksIT\\maksit-webui\\src\\packages\\core\\src\\http\\formData.ts": {"lines":{"total":9,"covered":0,"skipped":0,"pct":0},"functions":{"total":3,"covered":0,"skipped":0,"pct":0},"statements":{"total":10,"covered":0,"skipped":0,"pct":0},"branches":{"total":4,"covered":0,"skipped":0,"pct":0}}
,"E:\\Users\\maksym\\source\\repos\\MaksIT\\maksit-webui\\src\\packages\\core\\src\\http\\index.ts": {"lines":{"total":5,"covered":0,"skipped":0,"pct":0},"functions":{"total":5,"covered":0,"skipped":0,"pct":0},"statements":{"total":10,"covered":0,"skipped":0,"pct":0},"branches":{"total":0,"covered":0,"skipped":0,"pct":100}}
,"E:\\Users\\maksym\\source\\repos\\MaksIT\\maksit-webui\\src\\packages\\core\\src\\http\\problemDetails.ts": {"lines":{"total":5,"covered":5,"skipped":0,"pct":100},"functions":{"total":3,"covered":3,"skipped":0,"pct":100},"statements":{"total":6,"covered":6,"skipped":0,"pct":100},"branches":{"total":9,"covered":8,"skipped":0,"pct":88.88}}
,"E:\\Users\\maksym\\source\\repos\\MaksIT\\maksit-webui\\src\\packages\\core\\src\\localStorage\\identity.ts": {"lines":{"total":9,"covered":0,"skipped":0,"pct":0},"functions":{"total":3,"covered":0,"skipped":0,"pct":0},"statements":{"total":12,"covered":0,"skipped":0,"pct":0},"branches":{"total":2,"covered":0,"skipped":0,"pct":0}}
,"E:\\Users\\maksym\\source\\repos\\MaksIT\\maksit-webui\\src\\packages\\core\\src\\types\\ScopePermissions.ts": {"lines":{"total":6,"covered":6,"skipped":0,"pct":100},"functions":{"total":1,"covered":1,"skipped":0,"pct":100},"statements":{"total":6,"covered":6,"skipped":0,"pct":100},"branches":{"total":2,"covered":2,"skipped":0,"pct":100}}
,"E:\\Users\\maksym\\source\\repos\\MaksIT\\maksit-webui\\src\\packages\\core\\src\\types\\index.ts": {"lines":{"total":1,"covered":0,"skipped":0,"pct":0},"functions":{"total":1,"covered":0,"skipped":0,"pct":0},"statements":{"total":2,"covered":0,"skipped":0,"pct":0},"branches":{"total":0,"covered":0,"skipped":0,"pct":100}}
}
