{"total": {"lines":{"total":481,"covered":362,"skipped":0,"pct":75.25},"statements":{"total":514,"covered":389,"skipped":0,"pct":75.68},"functions":{"total":66,"covered":44,"skipped":0,"pct":66.66},"branches":{"total":279,"covered":201,"skipped":0,"pct":72.04},"branchesTrue":{"total":0,"covered":0,"skipped":0,"pct":100}}
,"E:\\Users\\maksym\\source\\repos\\MaksIT\\maksit-webui\\src\\packages\\contracts\\src\\PagedRequest.ts": {"lines":{"total":3,"covered":3,"skipped":0,"pct":100},"functions":{"total":0,"covered":0,"skipped":0,"pct":100},"statements":{"total":3,"covered":3,"skipped":0,"pct":100},"branches":{"total":0,"covered":0,"skipped":0,"pct":100}}
,"E:\\Users\\maksym\\source\\repos\\MaksIT\\maksit-webui\\src\\packages\\contracts\\src\\PatchOperation.ts": {"lines":{"total":6,"covered":6,"skipped":0,"pct":100},"functions":{"total":1,"covered":1,"skipped":0,"pct":100},"statements":{"total":6,"covered":6,"skipped":0,"pct":100},"branches":{"total":2,"covered":2,"skipped":0,"pct":100}}
,"E:\\Users\\maksym\\source\\repos\\MaksIT\\maksit-webui\\src\\packages\\contracts\\src\\PatchRequestModelBase.ts": {"lines":{"total":4,"covered":4,"skipped":0,"pct":100},"functions":{"total":0,"covered":0,"skipped":0,"pct":100},"statements":{"total":4,"covered":4,"skipped":0,"pct":100},"branches":{"total":0,"covered":0,"skipped":0,"pct":100}}
,"E:\\Users\\maksym\\source\\repos\\MaksIT\\maksit-webui\\src\\packages\\contracts\\src\\RequestModelBase.ts": {"lines":{"total":2,"covered":2,"skipped":0,"pct":100},"functions":{"total":0,"covered":0,"skipped":0,"pct":100},"statements":{"total":2,"covered":2,"skipped":0,"pct":100},"branches":{"total":0,"covered":0,"skipped":0,"pct":100}}
,"E:\\Users\\maksym\\source\\repos\\MaksIT\\maksit-webui\\src\\packages\\contracts\\src\\index.ts": {"lines":{"total":10,"covered":10,"skipped":0,"pct":100},"functions":{"total":9,"covered":2,"skipped":0,"pct":22.22},"statements":{"total":17,"covered":17,"skipped":0,"pct":100},"branches":{"total":0,"covered":0,"skipped":0,"pct":100}}
,"E:\\Users\\maksym\\source\\repos\\MaksIT\\maksit-webui\\src\\packages\\contracts\\src\\identity\\Claims.ts": {"lines":{"total":56,"covered":56,"skipped":0,"pct":100},"functions":{"total":1,"covered":1,"skipped":0,"pct":100},"statements":{"total":56,"covered":56,"skipped":0,"pct":100},"branches":{"total":2,"covered":2,"skipped":0,"pct":100}}
,"E:\\Users\\maksym\\source\\repos\\MaksIT\\maksit-webui\\src\\packages\\contracts\\src\\identity\\login\\LoginRequest.ts": {"lines":{"total":9,"covered":9,"skipped":0,"pct":100},"functions":{"total":1,"covered":1,"skipped":0,"pct":100},"statements":{"total":9,"covered":9,"skipped":0,"pct":100},"branches":{"total":8,"covered":8,"skipped":0,"pct":100}}
,"E:\\Users\\maksym\\source\\repos\\MaksIT\\maksit-webui\\src\\packages\\contracts\\src\\identity\\login\\RefreshTokenRequest.ts": {"lines":{"total":2,"covered":2,"skipped":0,"pct":100},"functions":{"total":0,"covered":0,"skipped":0,"pct":100},"statements":{"total":2,"covered":2,"skipped":0,"pct":100},"branches":{"total":0,"covered":0,"skipped":0,"pct":100}}
,"E:\\Users\\maksym\\source\\repos\\MaksIT\\maksit-webui\\src\\packages\\contracts\\src\\identity\\logout\\LogoutRequest.ts": {"lines":{"total":2,"covered":2,"skipped":0,"pct":100},"functions":{"total":0,"covered":0,"skipped":0,"pct":100},"statements":{"total":2,"covered":2,"skipped":0,"pct":100},"branches":{"total":0,"covered":0,"skipped":0,"pct":100}}
,"E:\\Users\\maksym\\source\\repos\\MaksIT\\maksit-webui\\src\\packages\\core\\src\\functions\\acl\\parseAclEntry.ts": {"lines":{"total":17,"covered":17,"skipped":0,"pct":100},"functions":{"total":4,"covered":4,"skipped":0,"pct":100},"statements":{"total":18,"covered":18,"skipped":0,"pct":100},"branches":{"total":6,"covered":6,"skipped":0,"pct":100}}
,"E:\\Users\\maksym\\source\\repos\\MaksIT\\maksit-webui\\src\\packages\\core\\src\\functions\\dataTable\\dataTableFilters.ts": {"lines":{"total":5,"covered":5,"skipped":0,"pct":100},"functions":{"total":1,"covered":1,"skipped":0,"pct":100},"statements":{"total":6,"covered":6,"skipped":0,"pct":100},"branches":{"total":2,"covered":2,"skipped":0,"pct":100}}
,"E:\\Users\\maksym\\source\\repos\\MaksIT\\maksit-webui\\src\\packages\\core\\src\\functions\\dataTable\\dataTablePaged.ts": {"lines":{"total":4,"covered":4,"skipped":0,"pct":100},"functions":{"total":1,"covered":1,"skipped":0,"pct":100},"statements":{"total":4,"covered":4,"skipped":0,"pct":100},"branches":{"total":16,"covered":16,"skipped":0,"pct":100}}
,"E:\\Users\\maksym\\source\\repos\\MaksIT\\maksit-webui\\src\\packages\\core\\src\\functions\\date\\isValidDateString.ts": {"lines":{"total":6,"covered":6,"skipped":0,"pct":100},"functions":{"total":1,"covered":1,"skipped":0,"pct":100},"statements":{"total":7,"covered":7,"skipped":0,"pct":100},"branches":{"total":2,"covered":2,"skipped":0,"pct":100}}
,"E:\\Users\\maksym\\source\\repos\\MaksIT\\maksit-webui\\src\\packages\\core\\src\\functions\\deep\\deepCopy.ts": {"lines":{"total":17,"covered":16,"skipped":0,"pct":94.11},"functions":{"total":1,"covered":1,"skipped":0,"pct":100},"statements":{"total":17,"covered":16,"skipped":0,"pct":94.11},"branches":{"total":12,"covered":11,"skipped":0,"pct":91.66}}
,"E:\\Users\\maksym\\source\\repos\\MaksIT\\maksit-webui\\src\\packages\\core\\src\\functions\\deep\\deepDelta.ts": {"lines":{"total":183,"covered":119,"skipped":0,"pct":65.02},"functions":{"total":18,"covered":14,"skipped":0,"pct":77.77},"statements":{"total":199,"covered":130,"skipped":0,"pct":65.32},"branches":{"total":137,"covered":92,"skipped":0,"pct":67.15}}
,"E:\\Users\\maksym\\source\\repos\\MaksIT\\maksit-webui\\src\\packages\\core\\src\\functions\\deep\\deepEqual.ts": {"lines":{"total":36,"covered":35,"skipped":0,"pct":97.22},"functions":{"total":3,"covered":3,"skipped":0,"pct":100},"statements":{"total":38,"covered":37,"skipped":0,"pct":97.36},"branches":{"total":26,"covered":25,"skipped":0,"pct":96.15}}
,"E:\\Users\\maksym\\source\\repos\\MaksIT\\maksit-webui\\src\\packages\\core\\src\\functions\\enum\\hasAnyFlag.ts": {"lines":{"total":3,"covered":3,"skipped":0,"pct":100},"functions":{"total":1,"covered":1,"skipped":0,"pct":100},"statements":{"total":3,"covered":3,"skipped":0,"pct":100},"branches":{"total":1,"covered":0,"skipped":0,"pct":0}}
,"E:\\Users\\maksym\\source\\repos\\MaksIT\\maksit-webui\\src\\packages\\core\\src\\functions\\enum\\hasFlag.ts": {"lines":{"total":3,"covered":3,"skipped":0,"pct":100},"functions":{"total":1,"covered":1,"skipped":0,"pct":100},"statements":{"total":3,"covered":3,"skipped":0,"pct":100},"branches":{"total":1,"covered":0,"skipped":0,"pct":0}}
,"E:\\Users\\maksym\\source\\repos\\MaksIT\\maksit-webui\\src\\packages\\core\\src\\functions\\enum\\toggleFlag.ts": {"lines":{"total":3,"covered":3,"skipped":0,"pct":100},"functions":{"total":1,"covered":1,"skipped":0,"pct":100},"statements":{"total":3,"covered":3,"skipped":0,"pct":100},"branches":{"total":3,"covered":2,"skipped":0,"pct":66.66}}
,"E:\\Users\\maksym\\source\\repos\\MaksIT\\maksit-webui\\src\\packages\\core\\src\\functions\\guid\\isGuid.ts": {"lines":{"total":4,"covered":4,"skipped":0,"pct":100},"functions":{"total":1,"covered":1,"skipped":0,"pct":100},"statements":{"total":4,"covered":4,"skipped":0,"pct":100},"branches":{"total":0,"covered":0,"skipped":0,"pct":100}}
,"E:\\Users\\maksym\\source\\repos\\MaksIT\\maksit-webui\\src\\packages\\core\\src\\functions\\headers\\extractFilenameFromHeaders.ts": {"lines":{"total":17,"covered":15,"skipped":0,"pct":88.23},"functions":{"total":1,"covered":1,"skipped":0,"pct":100},"statements":{"total":17,"covered":15,"skipped":0,"pct":88.23},"branches":{"total":15,"covered":14,"skipped":0,"pct":93.33}}
,"E:\\Users\\maksym\\source\\repos\\MaksIT\\maksit-webui\\src\\packages\\core\\src\\functions\\zod\\emptyFormErrors.ts": {"lines":{"total":3,"covered":3,"skipped":0,"pct":100},"functions":{"total":2,"covered":2,"skipped":0,"pct":100},"statements":{"total":4,"covered":4,"skipped":0,"pct":100},"branches":{"total":0,"covered":0,"skipped":0,"pct":100}}
,"E:\\Users\\maksym\\source\\repos\\MaksIT\\maksit-webui\\src\\packages\\core\\src\\functions\\zod\\flattenFormValidationIssues.ts": {"lines":{"total":7,"covered":7,"skipped":0,"pct":100},"functions":{"total":1,"covered":1,"skipped":0,"pct":100},"statements":{"total":7,"covered":7,"skipped":0,"pct":100},"branches":{"total":0,"covered":0,"skipped":0,"pct":100}}
,"E:\\Users\\maksym\\source\\repos\\MaksIT\\maksit-webui\\src\\packages\\core\\src\\functions\\zod\\validateFormState.ts": {"lines":{"total":7,"covered":7,"skipped":0,"pct":100},"functions":{"total":1,"covered":1,"skipped":0,"pct":100},"statements":{"total":7,"covered":7,"skipped":0,"pct":100},"branches":{"total":2,"covered":2,"skipped":0,"pct":100}}
,"E:\\Users\\maksym\\source\\repos\\MaksIT\\maksit-webui\\src\\packages\\core\\src\\http\\problemDetails.ts": {"lines":{"total":5,"covered":5,"skipped":0,"pct":100},"functions":{"total":3,"covered":3,"skipped":0,"pct":100},"statements":{"total":6,"covered":6,"skipped":0,"pct":100},"branches":{"total":9,"covered":8,"skipped":0,"pct":88.88}}
,"E:\\Users\\maksym\\source\\repos\\MaksIT\\maksit-webui\\src\\packages\\core\\src\\signalr\\useWebUiHub.ts": {"lines":{"total":61,"covered":10,"skipped":0,"pct":16.39},"functions":{"total":12,"covered":1,"skipped":0,"pct":8.33},"statements":{"total":64,"covered":12,"skipped":0,"pct":18.75},"branches":{"total":33,"covered":7,"skipped":0,"pct":21.21}}
,"E:\\Users\\maksym\\source\\repos\\MaksIT\\maksit-webui\\src\\packages\\core\\src\\types\\ScopePermissions.ts": {"lines":{"total":6,"covered":6,"skipped":0,"pct":100},"functions":{"total":1,"covered":1,"skipped":0,"pct":100},"statements":{"total":6,"covered":6,"skipped":0,"pct":100},"branches":{"total":2,"covered":2,"skipped":0,"pct":100}}
}
